[23:07:51] [main/WARN]: Ambiguity between arguments [teleport, destination] and [teleport, targets] with inputs: [Player, 0123, @e, dd12be42-52a9-4a91-a8a1-11c01849e498]
[23:07:51] [main/WARN]: Ambiguity between arguments [teleport, location] and [teleport, destination] with inputs: [0.1 -0.5 .9, 0 0 0]
[23:07:51] [main/WARN]: Ambiguity between arguments [teleport, location] and [teleport, targets] with inputs: [0.1 -0.5 .9, 0 0 0]
[23:07:51] [main/WARN]: Ambiguity between arguments [teleport, targets] and [teleport, destination] with inputs: [Player, 0123, dd12be42-52a9-4a91-a8a1-11c01849e498]
[23:07:51] [main/WARN]: Ambiguity between arguments [teleport, targets, location] and [teleport, targets, destination] with inputs: [0.1 -0.5 .9, 0 0 0]
[23:07:51] [main/INFO]: Reloading ResourceManager: Default
[23:07:52] [Worker-Main-6/INFO]: Loaded 7 recipes
[23:07:52] [Worker-Main-6/INFO]: Loaded 927 advancements
[23:07:53] [Server thread/INFO]: Starting minecraft server version 1.16.1
[23:07:53] [Server thread/INFO]: Loading properties
[23:07:53] [Server thread/INFO]: Default game type: SURVIVAL
[23:07:53] [Server thread/INFO]: Generating keypair
[23:07:53] [Server thread/INFO]: Starting Minecraft server on *:25565
[23:07:53] [Server thread/INFO]: Using default channel type
[23:07:54] [Server thread/INFO]: Preparing level "world"
[23:07:54] [Server thread/INFO]: Preparing start region for dimension minecraft:overworld
[23:07:55] [Server thread/INFO]: Preparing spawn area: 0%
[23:07:55] [Server thread/INFO]: Preparing spawn area: 0%
[23:07:55] [Server thread/INFO]: Preparing spawn area: 0%
[23:07:55] [Server thread/INFO]: Preparing spawn area: 0%
[23:07:56] [Server thread/INFO]: Time elapsed: 2636 ms
[23:07:56] [Server thread/INFO]: Done (2.716s)! For help, type "help"
[23:08:55] [User Authenticator #1/INFO]: UUID of player iluvsasuke is b6efcdc8-b19a-48a4-8d48-9397308b68dd
[23:08:55] [Server thread/INFO]: iluvsasuke[/95.187.195.6:1046] logged in with entity id 168 at (64.12347951324807, 64.0, 111.37825153303461)
[23:08:55] [Server thread/INFO]: iluvsasuke joined the game
[23:09:25] [Server thread/INFO]: iluvsasuke lost connection: Disconnected
[23:09:25] [Server thread/INFO]: iluvsasuke left the game
[23:09:25] [Server thread/WARN]: handleDisconnection() called twice
[23:23:22] [Server thread/INFO]: Saving the game (this may take a moment!)
[23:23:22] [Server thread/INFO]: Saved the game
[23:30:40] [User Authenticator #2/INFO]: UUID of player iluvsasuke is b6efcdc8-b19a-48a4-8d48-9397308b68dd
[23:30:40] [Server thread/INFO]: iluvsasuke[/95.187.195.6:3010] logged in with entity id 256 at (62.5, 64.0000002, 112.5)
[23:30:40] [Server thread/INFO]: iluvsasuke joined the game
[23:34:47] [Server thread/INFO]: iluvsasuke lost connection: Disconnected
[23:34:47] [Server thread/INFO]: iluvsasuke left the game
[23:35:07] [Server thread/INFO]: Saving the game (this may take a moment!)
[23:35:07] [Server thread/INFO]: Saved the game
[23:35:10] [Server thread/INFO]: Stopping the server
[23:35:10] [Server thread/INFO]: Stopping server
[23:35:10] [Server thread/INFO]: Saving players
[23:35:10] [Server thread/INFO]: Saving worlds
[23:35:10] [Server thread/INFO]: Saving chunks for level 'ServerLevel[world]'/minecraft:overworld
[23:35:10] [Server thread/INFO]: ThreadedAnvilChunkStorage (world): All chunks are saved
[23:35:10] [Server thread/INFO]: Saving chunks for level 'ServerLevel[world]'/minecraft:the_nether
[23:35:10] [Server thread/INFO]: ThreadedAnvilChunkStorage (DIM-1): All chunks are saved
[23:35:10] [Server thread/INFO]: Saving chunks for level 'ServerLevel[world]'/minecraft:the_end
[23:35:10] [Server thread/INFO]: ThreadedAnvilChunkStorage (DIM1): All chunks are saved
[23:35:10] [Server thread/INFO]: ThreadedAnvilChunkStorage (world): All chunks are saved
[23:35:10] [Server thread/INFO]: ThreadedAnvilChunkStorage (DIM-1): All chunks are saved
[23:35:10] [Server thread/INFO]: ThreadedAnvilChunkStorage (DIM1): All chunks are saved
